<?xml version="1.0" encoding="UTF-8"?>
<!-- Generated by org.testng.reporters.JUnitReportReporter -->
<testsuite hostname="Satya" failures="0" tests="1" name="FirstProject.FirstProject.FirstTest" time="9.616" errors="0" timestamp="2025-07-19T12:53:05 IST" skipped="0">
  <testcase classname="FirstProject.FirstProject.FirstTest" name="firstTest" time="9.616"/>
</testsuite> <!-- FirstProject.FirstProject.FirstTest -->
